[30m2023-12-18 18:55:37,325[0;39m - GameAppWallet - INFO - [33mo.s.b.StartupInfoLogger.logStarting.55[0;39m --Starting AuthenticationServiceApplicationTests using Java 17.0.6 on DESKTOP-TAEAA0R with PID 788 (started by sande in D:\workspaces of all\mircorservies\NovMicorservices\AuthenticationService)
[30m2023-12-18 18:55:37,328[0;39m - GameAppWallet - INFO - [33mo.s.b.SpringApplication.logStartupProfileInfo.635[0;39m --No active profile set, falling back to default profiles: default
[30m2023-12-18 18:55:37,349[0;39m - GameAppWallet - INFO - [33mo.h.v.i.u.Version.<clinit>.21[0;39m --HV000001: Hibernate Validator 6.2.0.Final
[30m2023-12-18 18:55:39,119[0;39m - GameAppWallet - INFO - [33mo.s.d.r.c.RepositoryConfigurationDelegate.registerRepositoriesIn.132[0;39m --Bootstrapping Spring Data JPA repositories in DEFAULT mode.
[30m2023-12-18 18:55:39,203[0;39m - GameAppWallet - INFO - [33mo.s.d.r.c.RepositoryConfigurationDelegate.registerRepositoriesIn.201[0;39m --Finished Spring Data repository scanning in 67 ms. Found 1 JPA repository interfaces.
[30m2023-12-18 18:55:40,422[0;39m - GameAppWallet - DEBUG - [33mo.s.o.j.LocalContainerEntityManagerFactoryBean.createNativeEntityManagerFactory.361[0;39m --Building JPA container EntityManagerFactory for persistence unit 'default'
[30m2023-12-18 18:55:40,454[0;39m - GameAppWallet - INFO - [33mo.h.j.i.u.LogHelper.logPersistenceUnitInformation.31[0;39m --HHH000204: Processing PersistenceUnitInfo [name: default]
[30m2023-12-18 18:55:40,599[0;39m - GameAppWallet - INFO - [33mo.h.Version.logVersion.44[0;39m --HHH000412: Hibernate ORM core version 5.6.1.Final
[30m2023-12-18 18:55:41,042[0;39m - GameAppWallet - INFO - [33mo.h.a.c.r.j.JavaReflectionManager.<clinit>.56[0;39m --HCANN000001: Hibernate Commons Annotations {5.1.2.Final}
[30m2023-12-18 18:55:41,358[0;39m - GameAppWallet - INFO - [33mc.z.h.HikariDataSource.getConnection.110[0;39m --HikariPool-1 - Starting...
[30m2023-12-18 18:55:42,029[0;39m - GameAppWallet - INFO - [33mc.z.h.HikariDataSource.getConnection.123[0;39m --HikariPool-1 - Start completed.
[30m2023-12-18 18:55:42,081[0;39m - GameAppWallet - INFO - [33mo.h.d.Dialect.<init>.175[0;39m --HHH000400: Using dialect: org.hibernate.dialect.MySQL8Dialect
[30m2023-12-18 18:55:43,066[0;39m - GameAppWallet - INFO - [33mo.h.e.t.j.p.i.JtaPlatformInitiator.initiateService.52[0;39m --HHH000490: Using JtaPlatform implementation: [org.hibernate.engine.transaction.jta.platform.internal.NoJtaPlatform]
[30m2023-12-18 18:55:43,078[0;39m - GameAppWallet - INFO - [33mo.s.o.j.AbstractEntityManagerFactoryBean.buildNativeEntityManagerFactory.437[0;39m --Initialized JPA EntityManagerFactory for persistence unit 'default'
[30m2023-12-18 18:55:43,354[0;39m - GameAppWallet - DEBUG - [33mo.s.o.j.SharedEntityManagerCreator$SharedEntityManagerInvocationHandler.invoke.302[0;39m --Creating new EntityManager for shared EntityManager invocation
[30m2023-12-18 18:55:43,462[0;39m - GameAppWallet - DEBUG - [33mo.s.o.j.SharedEntityManagerCreator$SharedEntityManagerInvocationHandler.invoke.302[0;39m --Creating new EntityManager for shared EntityManager invocation
[30m2023-12-18 18:55:43,623[0;39m - GameAppWallet - DEBUG - [33mo.s.o.j.SharedEntityManagerCreator$SharedEntityManagerInvocationHandler.invoke.302[0;39m --Creating new EntityManager for shared EntityManager invocation
[30m2023-12-18 18:55:43,762[0;39m - GameAppWallet - DEBUG - [33mo.s.o.j.SharedEntityManagerCreator$SharedEntityManagerInvocationHandler.invoke.302[0;39m --Creating new EntityManager for shared EntityManager invocation
[30m2023-12-18 18:55:43,938[0;39m - GameAppWallet - WARN - [33mo.s.b.a.o.j.JpaBaseConfiguration$JpaWebConfiguration.openEntityManagerInViewInterceptor.219[0;39m --spring.jpa.open-in-view is enabled by default. Therefore, database queries may be performed during view rendering. Explicitly configure spring.jpa.open-in-view to disable this warning
[30m2023-12-18 18:55:45,552[0;39m - GameAppWallet - INFO - [33mc.j.A.c.WebSecurityConfig.configure.53[0;39m --enter
[30m2023-12-18 18:55:45,719[0;39m - GameAppWallet - INFO - [33mo.s.s.w.DefaultSecurityFilterChain.<init>.51[0;39m --Will secure any request with [org.springframework.security.web.context.request.async.WebAsyncManagerIntegrationFilter@135f160e, org.springframework.security.web.context.SecurityContextPersistenceFilter@fe337, org.springframework.security.web.header.HeaderWriterFilter@1f4fa465, org.springframework.security.web.authentication.logout.LogoutFilter@10264cb0, org.springframework.security.web.savedrequest.RequestCacheAwareFilter@1e284d90, org.springframework.security.web.servletapi.SecurityContextHolderAwareRequestFilter@6894436e, org.springframework.security.web.authentication.AnonymousAuthenticationFilter@230e163b, org.springframework.security.web.session.SessionManagementFilter@481f698f, org.springframework.security.web.access.ExceptionTranslationFilter@39a1c200, org.springframework.security.web.access.intercept.FilterSecurityInterceptor@47b71556]
[30m2023-12-18 18:55:47,650[0;39m - GameAppWallet - INFO - [33mo.s.b.StartupInfoLogger.logStarted.61[0;39m --Started AuthenticationServiceApplicationTests in 11.111 seconds (JVM running for 12.779)
[30m2023-12-18 18:55:48,052[0;39m - GameAppWallet - INFO - [33mo.s.o.j.AbstractEntityManagerFactoryBean.destroy.651[0;39m --Closing JPA EntityManagerFactory for persistence unit 'default'
[30m2023-12-18 18:55:48,055[0;39m - GameAppWallet - INFO - [33mc.z.h.HikariDataSource.close.350[0;39m --HikariPool-1 - Shutdown initiated...
[30m2023-12-18 18:55:48,286[0;39m - GameAppWallet - INFO - [33mc.z.h.HikariDataSource.close.352[0;39m --HikariPool-1 - Shutdown completed.
[30m2023-12-18 19:01:36,720[0;39m - GameAppWallet - INFO - [33mo.s.b.StartupInfoLogger.logStarting.55[0;39m --Starting AuthenticationServiceApplicationTests using Java 17.0.6 on DESKTOP-TAEAA0R with PID 16456 (started by sande in D:\workspaces of all\mircorservies\NovMicorservices\AuthenticationService)
[30m2023-12-18 19:01:36,725[0;39m - GameAppWallet - INFO - [33mo.s.b.SpringApplication.logStartupProfileInfo.635[0;39m --No active profile set, falling back to default profiles: default
[30m2023-12-18 19:01:36,774[0;39m - GameAppWallet - INFO - [33mo.h.v.i.u.Version.<clinit>.21[0;39m --HV000001: Hibernate Validator 6.2.0.Final
[30m2023-12-18 19:01:38,520[0;39m - GameAppWallet - INFO - [33mo.s.d.r.c.RepositoryConfigurationDelegate.registerRepositoriesIn.132[0;39m --Bootstrapping Spring Data JPA repositories in DEFAULT mode.
[30m2023-12-18 19:01:38,646[0;39m - GameAppWallet - INFO - [33mo.s.d.r.c.RepositoryConfigurationDelegate.registerRepositoriesIn.201[0;39m --Finished Spring Data repository scanning in 105 ms. Found 1 JPA repository interfaces.
[30m2023-12-18 19:01:40,070[0;39m - GameAppWallet - DEBUG - [33mo.s.o.j.LocalContainerEntityManagerFactoryBean.createNativeEntityManagerFactory.361[0;39m --Building JPA container EntityManagerFactory for persistence unit 'default'
[30m2023-12-18 19:01:40,108[0;39m - GameAppWallet - INFO - [33mo.h.j.i.u.LogHelper.logPersistenceUnitInformation.31[0;39m --HHH000204: Processing PersistenceUnitInfo [name: default]
[30m2023-12-18 19:01:40,281[0;39m - GameAppWallet - INFO - [33mo.h.Version.logVersion.44[0;39m --HHH000412: Hibernate ORM core version 5.6.1.Final
[30m2023-12-18 19:01:40,705[0;39m - GameAppWallet - INFO - [33mo.h.a.c.r.j.JavaReflectionManager.<clinit>.56[0;39m --HCANN000001: Hibernate Commons Annotations {5.1.2.Final}
[30m2023-12-18 19:01:40,999[0;39m - GameAppWallet - INFO - [33mc.z.h.HikariDataSource.getConnection.110[0;39m --HikariPool-1 - Starting...
[30m2023-12-18 19:01:42,733[0;39m - GameAppWallet - INFO - [33mc.z.h.HikariDataSource.getConnection.123[0;39m --HikariPool-1 - Start completed.
[30m2023-12-18 19:01:42,791[0;39m - GameAppWallet - INFO - [33mo.h.d.Dialect.<init>.175[0;39m --HHH000400: Using dialect: org.hibernate.dialect.MySQL8Dialect
[30m2023-12-18 19:01:44,229[0;39m - GameAppWallet - INFO - [33mo.h.e.t.j.p.i.JtaPlatformInitiator.initiateService.52[0;39m --HHH000490: Using JtaPlatform implementation: [org.hibernate.engine.transaction.jta.platform.internal.NoJtaPlatform]
[30m2023-12-18 19:01:44,245[0;39m - GameAppWallet - INFO - [33mo.s.o.j.AbstractEntityManagerFactoryBean.buildNativeEntityManagerFactory.437[0;39m --Initialized JPA EntityManagerFactory for persistence unit 'default'
[30m2023-12-18 19:01:44,433[0;39m - GameAppWallet - DEBUG - [33mo.s.o.j.SharedEntityManagerCreator$SharedEntityManagerInvocationHandler.invoke.302[0;39m --Creating new EntityManager for shared EntityManager invocation
[30m2023-12-18 19:01:44,511[0;39m - GameAppWallet - DEBUG - [33mo.s.o.j.SharedEntityManagerCreator$SharedEntityManagerInvocationHandler.invoke.302[0;39m --Creating new EntityManager for shared EntityManager invocation
[30m2023-12-18 19:01:44,596[0;39m - GameAppWallet - DEBUG - [33mo.s.o.j.SharedEntityManagerCreator$SharedEntityManagerInvocationHandler.invoke.302[0;39m --Creating new EntityManager for shared EntityManager invocation
[30m2023-12-18 19:01:44,706[0;39m - GameAppWallet - DEBUG - [33mo.s.o.j.SharedEntityManagerCreator$SharedEntityManagerInvocationHandler.invoke.302[0;39m --Creating new EntityManager for shared EntityManager invocation
[30m2023-12-18 19:01:44,826[0;39m - GameAppWallet - WARN - [33mo.s.b.a.o.j.JpaBaseConfiguration$JpaWebConfiguration.openEntityManagerInViewInterceptor.219[0;39m --spring.jpa.open-in-view is enabled by default. Therefore, database queries may be performed during view rendering. Explicitly configure spring.jpa.open-in-view to disable this warning
[30m2023-12-18 19:01:45,984[0;39m - GameAppWallet - INFO - [33mc.j.A.c.WebSecurityConfig.configure.53[0;39m --enter
[30m2023-12-18 19:01:46,088[0;39m - GameAppWallet - INFO - [33mo.s.s.w.DefaultSecurityFilterChain.<init>.51[0;39m --Will secure any request with [org.springframework.security.web.context.request.async.WebAsyncManagerIntegrationFilter@3feb93a, org.springframework.security.web.context.SecurityContextPersistenceFilter@fe337, org.springframework.security.web.header.HeaderWriterFilter@1f4fa465, org.springframework.security.web.authentication.logout.LogoutFilter@52737c1, org.springframework.security.web.savedrequest.RequestCacheAwareFilter@2738a1fc, org.springframework.security.web.servletapi.SecurityContextHolderAwareRequestFilter@7a25f8ee, org.springframework.security.web.authentication.AnonymousAuthenticationFilter@4ae435a3, org.springframework.security.web.session.SessionManagementFilter@481f698f, org.springframework.security.web.access.ExceptionTranslationFilter@39a1c200, org.springframework.security.web.access.intercept.FilterSecurityInterceptor@562ec518]
[30m2023-12-18 19:01:47,448[0;39m - GameAppWallet - INFO - [33mo.s.b.StartupInfoLogger.logStarted.61[0;39m --Started AuthenticationServiceApplicationTests in 11.51 seconds (JVM running for 13.284)
[30m2023-12-18 19:01:47,737[0;39m - GameAppWallet - INFO - [33mo.s.o.j.AbstractEntityManagerFactoryBean.destroy.651[0;39m --Closing JPA EntityManagerFactory for persistence unit 'default'
[30m2023-12-18 19:01:47,741[0;39m - GameAppWallet - INFO - [33mc.z.h.HikariDataSource.close.350[0;39m --HikariPool-1 - Shutdown initiated...
[30m2023-12-18 19:01:47,973[0;39m - GameAppWallet - INFO - [33mc.z.h.HikariDataSource.close.352[0;39m --HikariPool-1 - Shutdown completed.
