[30m2023-12-12 15:58:37,257[0;39m - GameAppWallet - INFO - [33mo.s.b.StartupInfoLogger.logStarting.55[0;39m --Starting AuthenticationServiceApplicationTests using Java 17.0.6 on DESKTOP-TAEAA0R with PID 13500 (started by sande in D:\workspaces of all\mircorservies\NovMicorservices\AuthenticationService)
[30m2023-12-12 15:58:37,258[0;39m - GameAppWallet - INFO - [33mo.s.b.SpringApplication.logStartupProfileInfo.635[0;39m --No active profile set, falling back to default profiles: default
[30m2023-12-12 15:58:37,273[0;39m - GameAppWallet - INFO - [33mo.h.v.i.u.Version.<clinit>.21[0;39m --HV000001: Hibernate Validator 6.2.0.Final
[30m2023-12-12 15:58:38,729[0;39m - GameAppWallet - INFO - [33mo.s.d.r.c.RepositoryConfigurationDelegate.registerRepositoriesIn.132[0;39m --Bootstrapping Spring Data JPA repositories in DEFAULT mode.
[30m2023-12-12 15:58:38,813[0;39m - GameAppWallet - INFO - [33mo.s.d.r.c.RepositoryConfigurationDelegate.registerRepositoriesIn.201[0;39m --Finished Spring Data repository scanning in 66 ms. Found 1 JPA repository interfaces.
[30m2023-12-12 15:58:39,839[0;39m - GameAppWallet - DEBUG - [33mo.s.o.j.LocalContainerEntityManagerFactoryBean.createNativeEntityManagerFactory.361[0;39m --Building JPA container EntityManagerFactory for persistence unit 'default'
[30m2023-12-12 15:58:39,871[0;39m - GameAppWallet - INFO - [33mo.h.j.i.u.LogHelper.logPersistenceUnitInformation.31[0;39m --HHH000204: Processing PersistenceUnitInfo [name: default]
[30m2023-12-12 15:58:39,957[0;39m - GameAppWallet - INFO - [33mo.h.Version.logVersion.44[0;39m --HHH000412: Hibernate ORM core version 5.6.1.Final
[30m2023-12-12 15:58:40,276[0;39m - GameAppWallet - INFO - [33mo.h.a.c.r.j.JavaReflectionManager.<clinit>.56[0;39m --HCANN000001: Hibernate Commons Annotations {5.1.2.Final}
[30m2023-12-12 15:58:40,523[0;39m - GameAppWallet - INFO - [33mc.z.h.HikariDataSource.getConnection.110[0;39m --HikariPool-1 - Starting...
[30m2023-12-12 15:58:41,623[0;39m - GameAppWallet - INFO - [33mc.z.h.HikariDataSource.getConnection.123[0;39m --HikariPool-1 - Start completed.
[30m2023-12-12 15:58:41,666[0;39m - GameAppWallet - INFO - [33mo.h.d.Dialect.<init>.175[0;39m --HHH000400: Using dialect: org.hibernate.dialect.MySQL8Dialect
[30m2023-12-12 15:58:43,547[0;39m - GameAppWallet - INFO - [33mo.h.e.t.j.p.i.JtaPlatformInitiator.initiateService.52[0;39m --HHH000490: Using JtaPlatform implementation: [org.hibernate.engine.transaction.jta.platform.internal.NoJtaPlatform]
[30m2023-12-12 15:58:43,558[0;39m - GameAppWallet - INFO - [33mo.s.o.j.AbstractEntityManagerFactoryBean.buildNativeEntityManagerFactory.437[0;39m --Initialized JPA EntityManagerFactory for persistence unit 'default'
[30m2023-12-12 15:58:43,756[0;39m - GameAppWallet - DEBUG - [33mo.s.o.j.SharedEntityManagerCreator$SharedEntityManagerInvocationHandler.invoke.302[0;39m --Creating new EntityManager for shared EntityManager invocation
[30m2023-12-12 15:58:43,875[0;39m - GameAppWallet - DEBUG - [33mo.s.o.j.SharedEntityManagerCreator$SharedEntityManagerInvocationHandler.invoke.302[0;39m --Creating new EntityManager for shared EntityManager invocation
[30m2023-12-12 15:58:43,969[0;39m - GameAppWallet - DEBUG - [33mo.s.o.j.SharedEntityManagerCreator$SharedEntityManagerInvocationHandler.invoke.302[0;39m --Creating new EntityManager for shared EntityManager invocation
[30m2023-12-12 15:58:44,120[0;39m - GameAppWallet - DEBUG - [33mo.s.o.j.SharedEntityManagerCreator$SharedEntityManagerInvocationHandler.invoke.302[0;39m --Creating new EntityManager for shared EntityManager invocation
[30m2023-12-12 15:58:44,279[0;39m - GameAppWallet - WARN - [33mo.s.b.a.o.j.JpaBaseConfiguration$JpaWebConfiguration.openEntityManagerInViewInterceptor.219[0;39m --spring.jpa.open-in-view is enabled by default. Therefore, database queries may be performed during view rendering. Explicitly configure spring.jpa.open-in-view to disable this warning
[30m2023-12-12 15:58:45,404[0;39m - GameAppWallet - INFO - [33mc.j.A.c.WebSecurityConfig.configure.53[0;39m --enter
[30m2023-12-12 15:58:45,514[0;39m - GameAppWallet - INFO - [33mo.s.s.w.DefaultSecurityFilterChain.<init>.51[0;39m --Will secure any request with [org.springframework.security.web.context.request.async.WebAsyncManagerIntegrationFilter@452d6fd, org.springframework.security.web.context.SecurityContextPersistenceFilter@711fbcef, org.springframework.security.web.header.HeaderWriterFilter@2cdcedef, org.springframework.security.web.authentication.logout.LogoutFilter@4b99f2ed, org.springframework.security.web.savedrequest.RequestCacheAwareFilter@6a9d572, org.springframework.security.web.servletapi.SecurityContextHolderAwareRequestFilter@202ba60a, org.springframework.security.web.authentication.AnonymousAuthenticationFilter@38dc1c50, org.springframework.security.web.session.SessionManagementFilter@2f70d78c, org.springframework.security.web.access.ExceptionTranslationFilter@55ba4bff, org.springframework.security.web.access.intercept.FilterSecurityInterceptor@6cb2b947]
[30m2023-12-12 15:58:46,953[0;39m - GameAppWallet - INFO - [33mo.s.b.StartupInfoLogger.logStarted.61[0;39m --Started AuthenticationServiceApplicationTests in 10.408 seconds (JVM running for 11.869)
[30m2023-12-12 15:58:47,426[0;39m - GameAppWallet - INFO - [33mo.s.o.j.AbstractEntityManagerFactoryBean.destroy.651[0;39m --Closing JPA EntityManagerFactory for persistence unit 'default'
[30m2023-12-12 15:58:47,429[0;39m - GameAppWallet - INFO - [33mc.z.h.HikariDataSource.close.350[0;39m --HikariPool-1 - Shutdown initiated...
[30m2023-12-12 15:58:47,608[0;39m - GameAppWallet - INFO - [33mc.z.h.HikariDataSource.close.352[0;39m --HikariPool-1 - Shutdown completed.
[30m2023-12-12 19:00:07,637[0;39m - GameAppWallet - INFO - [33mo.s.b.StartupInfoLogger.logStarting.55[0;39m --Starting AuthenticationServiceApplicationTests using Java 17.0.6 on DESKTOP-TAEAA0R with PID 17812 (started by sande in D:\workspaces of all\mircorservies\NovMicorservices\AuthenticationService)
[30m2023-12-12 19:00:07,640[0;39m - GameAppWallet - INFO - [33mo.s.b.SpringApplication.logStartupProfileInfo.635[0;39m --No active profile set, falling back to default profiles: default
[30m2023-12-12 19:00:07,660[0;39m - GameAppWallet - INFO - [33mo.h.v.i.u.Version.<clinit>.21[0;39m --HV000001: Hibernate Validator 6.2.0.Final
[30m2023-12-12 19:00:09,370[0;39m - GameAppWallet - INFO - [33mo.s.d.r.c.RepositoryConfigurationDelegate.registerRepositoriesIn.132[0;39m --Bootstrapping Spring Data JPA repositories in DEFAULT mode.
[30m2023-12-12 19:00:09,445[0;39m - GameAppWallet - INFO - [33mo.s.d.r.c.RepositoryConfigurationDelegate.registerRepositoriesIn.201[0;39m --Finished Spring Data repository scanning in 61 ms. Found 1 JPA repository interfaces.
[30m2023-12-12 19:00:10,570[0;39m - GameAppWallet - DEBUG - [33mo.s.o.j.LocalContainerEntityManagerFactoryBean.createNativeEntityManagerFactory.361[0;39m --Building JPA container EntityManagerFactory for persistence unit 'default'
[30m2023-12-12 19:00:10,604[0;39m - GameAppWallet - INFO - [33mo.h.j.i.u.LogHelper.logPersistenceUnitInformation.31[0;39m --HHH000204: Processing PersistenceUnitInfo [name: default]
[30m2023-12-12 19:00:10,724[0;39m - GameAppWallet - INFO - [33mo.h.Version.logVersion.44[0;39m --HHH000412: Hibernate ORM core version 5.6.1.Final
[30m2023-12-12 19:00:11,039[0;39m - GameAppWallet - INFO - [33mo.h.a.c.r.j.JavaReflectionManager.<clinit>.56[0;39m --HCANN000001: Hibernate Commons Annotations {5.1.2.Final}
[30m2023-12-12 19:00:11,351[0;39m - GameAppWallet - INFO - [33mc.z.h.HikariDataSource.getConnection.110[0;39m --HikariPool-1 - Starting...
[30m2023-12-12 19:00:12,057[0;39m - GameAppWallet - INFO - [33mc.z.h.HikariDataSource.getConnection.123[0;39m --HikariPool-1 - Start completed.
[30m2023-12-12 19:00:12,109[0;39m - GameAppWallet - INFO - [33mo.h.d.Dialect.<init>.175[0;39m --HHH000400: Using dialect: org.hibernate.dialect.MySQL8Dialect
[30m2023-12-12 19:00:13,194[0;39m - GameAppWallet - INFO - [33mo.h.e.t.j.p.i.JtaPlatformInitiator.initiateService.52[0;39m --HHH000490: Using JtaPlatform implementation: [org.hibernate.engine.transaction.jta.platform.internal.NoJtaPlatform]
[30m2023-12-12 19:00:13,214[0;39m - GameAppWallet - INFO - [33mo.s.o.j.AbstractEntityManagerFactoryBean.buildNativeEntityManagerFactory.437[0;39m --Initialized JPA EntityManagerFactory for persistence unit 'default'
[30m2023-12-12 19:00:13,390[0;39m - GameAppWallet - DEBUG - [33mo.s.o.j.SharedEntityManagerCreator$SharedEntityManagerInvocationHandler.invoke.302[0;39m --Creating new EntityManager for shared EntityManager invocation
[30m2023-12-12 19:00:13,503[0;39m - GameAppWallet - DEBUG - [33mo.s.o.j.SharedEntityManagerCreator$SharedEntityManagerInvocationHandler.invoke.302[0;39m --Creating new EntityManager for shared EntityManager invocation
[30m2023-12-12 19:00:13,606[0;39m - GameAppWallet - DEBUG - [33mo.s.o.j.SharedEntityManagerCreator$SharedEntityManagerInvocationHandler.invoke.302[0;39m --Creating new EntityManager for shared EntityManager invocation
[30m2023-12-12 19:00:13,699[0;39m - GameAppWallet - DEBUG - [33mo.s.o.j.SharedEntityManagerCreator$SharedEntityManagerInvocationHandler.invoke.302[0;39m --Creating new EntityManager for shared EntityManager invocation
[30m2023-12-12 19:00:13,849[0;39m - GameAppWallet - WARN - [33mo.s.b.a.o.j.JpaBaseConfiguration$JpaWebConfiguration.openEntityManagerInViewInterceptor.219[0;39m --spring.jpa.open-in-view is enabled by default. Therefore, database queries may be performed during view rendering. Explicitly configure spring.jpa.open-in-view to disable this warning
[30m2023-12-12 19:00:15,340[0;39m - GameAppWallet - INFO - [33mc.j.A.c.WebSecurityConfig.configure.53[0;39m --enter
[30m2023-12-12 19:00:15,515[0;39m - GameAppWallet - INFO - [33mo.s.s.w.DefaultSecurityFilterChain.<init>.51[0;39m --Will secure any request with [org.springframework.security.web.context.request.async.WebAsyncManagerIntegrationFilter@10c1682b, org.springframework.security.web.context.SecurityContextPersistenceFilter@735b1ad2, org.springframework.security.web.header.HeaderWriterFilter@44846c76, org.springframework.security.web.authentication.logout.LogoutFilter@61a17f3, org.springframework.security.web.savedrequest.RequestCacheAwareFilter@2f70d78c, org.springframework.security.web.servletapi.SecurityContextHolderAwareRequestFilter@43d2c8e3, org.springframework.security.web.authentication.AnonymousAuthenticationFilter@2cf97875, org.springframework.security.web.session.SessionManagementFilter@d827673, org.springframework.security.web.access.ExceptionTranslationFilter@12e13abd, org.springframework.security.web.access.intercept.FilterSecurityInterceptor@5e0602ff]
[30m2023-12-12 19:00:17,176[0;39m - GameAppWallet - INFO - [33mo.s.b.StartupInfoLogger.logStarted.61[0;39m --Started AuthenticationServiceApplicationTests in 10.273 seconds (JVM running for 11.683)
[30m2023-12-12 19:00:17,526[0;39m - GameAppWallet - INFO - [33mo.s.o.j.AbstractEntityManagerFactoryBean.destroy.651[0;39m --Closing JPA EntityManagerFactory for persistence unit 'default'
[30m2023-12-12 19:00:17,531[0;39m - GameAppWallet - INFO - [33mc.z.h.HikariDataSource.close.350[0;39m --HikariPool-1 - Shutdown initiated...
[30m2023-12-12 19:00:17,736[0;39m - GameAppWallet - INFO - [33mc.z.h.HikariDataSource.close.352[0;39m --HikariPool-1 - Shutdown completed.
